2018-08-20 20:23:01.428  INFO 11978 --- [main] c.g.p.a.a.ActionsApplication             : Starting ActionsApplication on lnxcit012080 with PID 11978 (/project/source/spring-boot-dojo/target/classes started by rafaelff in /project/source/spring-boot-dojo)
2018-08-20 20:23:01.434  INFO 11978 --- [main] c.g.p.a.a.ActionsApplication             : No active profile set, falling back to default profiles: default
2018-08-20 20:23:01.594  INFO 11978 --- [main] ationConfigEmbeddedWebApplicationContext : Refreshing org.springframework.boot.context.embedded.AnnotationConfigEmbeddedWebApplicationContext@3444d69d: startup date [Mon Aug 20 20:23:01 BRT 2018]; root of context hierarchy
2018-08-20 20:23:03.652  INFO 11978 --- [main] s.b.c.e.t.TomcatEmbeddedServletContainer : Tomcat initialized with port(s): 8082 (http)
2018-08-20 20:23:03.694  INFO 11978 --- [main] o.apache.catalina.core.StandardService   : Starting service [Tomcat]
2018-08-20 20:23:03.694  INFO 11978 --- [main] org.apache.catalina.core.StandardEngine  : Starting Servlet Engine: Apache Tomcat/8.5.29
2018-08-20 20:23:03.811  INFO 11978 --- [localhost-startStop-1] o.a.c.c.C.[Tomcat].[localhost].[/]       : Initializing Spring embedded WebApplicationContext
2018-08-20 20:23:03.812  INFO 11978 --- [localhost-startStop-1] o.s.web.context.ContextLoader            : Root WebApplicationContext: initialization completed in 2222 ms
2018-08-20 20:23:03.938  INFO 11978 --- [localhost-startStop-1] o.s.b.w.servlet.ServletRegistrationBean  : Mapping servlet: 'dispatcherServlet' to [/]
2018-08-20 20:23:03.943  INFO 11978 --- [localhost-startStop-1] o.s.b.w.servlet.FilterRegistrationBean   : Mapping filter: 'characterEncodingFilter' to: [/*]
2018-08-20 20:23:03.944  INFO 11978 --- [localhost-startStop-1] o.s.b.w.servlet.FilterRegistrationBean   : Mapping filter: 'hiddenHttpMethodFilter' to: [/*]
2018-08-20 20:23:03.945  INFO 11978 --- [localhost-startStop-1] o.s.b.w.servlet.FilterRegistrationBean   : Mapping filter: 'httpPutFormContentFilter' to: [/*]
2018-08-20 20:23:03.945  INFO 11978 --- [localhost-startStop-1] o.s.b.w.servlet.FilterRegistrationBean   : Mapping filter: 'requestContextFilter' to: [/*]
2018-08-20 20:23:04.258  INFO 11978 --- [main] s.w.s.m.m.a.RequestMappingHandlerAdapter : Looking for @ControllerAdvice: org.springframework.boot.context.embedded.AnnotationConfigEmbeddedWebApplicationContext@3444d69d: startup date [Mon Aug 20 20:23:01 BRT 2018]; root of context hierarchy
2018-08-20 20:23:04.344  INFO 11978 --- [main] s.w.s.m.m.a.RequestMappingHandlerMapping : Mapped "{[/action/{name}/{action}],methods=[POST]}" onto public org.springframework.http.ResponseEntity<com.gods.plans.actions.domain.Actions> com.gods.plans.actions.controller.ActionController.peopleActionsSaver(java.lang.String,java.lang.String)
2018-08-20 20:23:04.349  INFO 11978 --- [main] s.w.s.m.m.a.RequestMappingHandlerMapping : Mapped "{[/error],produces=[text/html]}" onto public org.springframework.web.servlet.ModelAndView org.springframework.boot.autoconfigure.web.BasicErrorController.errorHtml(javax.servlet.http.HttpServletRequest,javax.servlet.http.HttpServletResponse)
2018-08-20 20:23:04.354  INFO 11978 --- [main] s.w.s.m.m.a.RequestMappingHandlerMapping : Mapped "{[/error]}" onto public org.springframework.http.ResponseEntity<java.util.Map<java.lang.String, java.lang.Object>> org.springframework.boot.autoconfigure.web.BasicErrorController.error(javax.servlet.http.HttpServletRequest)
2018-08-20 20:23:04.390  INFO 11978 --- [main] o.s.w.s.handler.SimpleUrlHandlerMapping  : Mapped URL path [/webjars/**] onto handler of type [class org.springframework.web.servlet.resource.ResourceHttpRequestHandler]
2018-08-20 20:23:04.390  INFO 11978 --- [main] o.s.w.s.handler.SimpleUrlHandlerMapping  : Mapped URL path [/**] onto handler of type [class org.springframework.web.servlet.resource.ResourceHttpRequestHandler]
2018-08-20 20:23:04.421  INFO 11978 --- [main] o.s.w.s.handler.SimpleUrlHandlerMapping  : Mapped URL path [/**/favicon.ico] onto handler of type [class org.springframework.web.servlet.resource.ResourceHttpRequestHandler]
2018-08-20 20:23:04.579  INFO 11978 --- [main] o.s.j.e.a.AnnotationMBeanExporter        : Registering beans for JMX exposure on startup
2018-08-20 20:23:04.637  INFO 11978 --- [main] s.b.c.e.t.TomcatEmbeddedServletContainer : Tomcat started on port(s): 8082 (http)
2018-08-20 20:23:04.642  INFO 11978 --- [main] c.g.p.a.a.ActionsApplication             : Started ActionsApplication in 3.755 seconds (JVM running for 4.346)
2018-08-20 20:23:08.595  INFO 11978 --- [Thread-3] ationConfigEmbeddedWebApplicationContext : Closing org.springframework.boot.context.embedded.AnnotationConfigEmbeddedWebApplicationContext@3444d69d: startup date [Mon Aug 20 20:23:01 BRT 2018]; root of context hierarchy
2018-08-20 20:23:08.596  INFO 11978 --- [Thread-3] o.s.j.e.a.AnnotationMBeanExporter        : Unregistering JMX-exposed beans on shutdown
2018-08-20 20:23:27.765  INFO 12061 --- [main] c.g.p.a.a.ActionsApplication             : Starting ActionsApplication on lnxcit012080 with PID 12061 (/project/source/spring-boot-dojo/target/classes started by rafaelff in /project/source/spring-boot-dojo)
2018-08-20 20:23:27.768  INFO 12061 --- [main] c.g.p.a.a.ActionsApplication             : No active profile set, falling back to default profiles: default
2018-08-20 20:23:27.886  INFO 12061 --- [main] ationConfigEmbeddedWebApplicationContext : Refreshing org.springframework.boot.context.embedded.AnnotationConfigEmbeddedWebApplicationContext@4ba2ca36: startup date [Mon Aug 20 20:23:27 BRT 2018]; root of context hierarchy
2018-08-20 20:23:29.642  INFO 12061 --- [main] s.b.c.e.t.TomcatEmbeddedServletContainer : Tomcat initialized with port(s): 8082 (http)
2018-08-20 20:23:29.680  INFO 12061 --- [main] o.apache.catalina.core.StandardService   : Starting service [Tomcat]
2018-08-20 20:23:29.680  INFO 12061 --- [main] org.apache.catalina.core.StandardEngine  : Starting Servlet Engine: Apache Tomcat/8.5.29
2018-08-20 20:23:29.810  INFO 12061 --- [localhost-startStop-1] o.a.c.c.C.[Tomcat].[localhost].[/]       : Initializing Spring embedded WebApplicationContext
2018-08-20 20:23:29.810  INFO 12061 --- [localhost-startStop-1] o.s.web.context.ContextLoader            : Root WebApplicationContext: initialization completed in 1928 ms
2018-08-20 20:23:29.938  INFO 12061 --- [localhost-startStop-1] o.s.b.w.servlet.ServletRegistrationBean  : Mapping servlet: 'dispatcherServlet' to [/]
2018-08-20 20:23:29.943  INFO 12061 --- [localhost-startStop-1] o.s.b.w.servlet.FilterRegistrationBean   : Mapping filter: 'characterEncodingFilter' to: [/*]
2018-08-20 20:23:29.944  INFO 12061 --- [localhost-startStop-1] o.s.b.w.servlet.FilterRegistrationBean   : Mapping filter: 'hiddenHttpMethodFilter' to: [/*]
2018-08-20 20:23:29.944  INFO 12061 --- [localhost-startStop-1] o.s.b.w.servlet.FilterRegistrationBean   : Mapping filter: 'httpPutFormContentFilter' to: [/*]
2018-08-20 20:23:29.945  INFO 12061 --- [localhost-startStop-1] o.s.b.w.servlet.FilterRegistrationBean   : Mapping filter: 'requestContextFilter' to: [/*]
2018-08-20 20:23:30.266  INFO 12061 --- [main] s.w.s.m.m.a.RequestMappingHandlerAdapter : Looking for @ControllerAdvice: org.springframework.boot.context.embedded.AnnotationConfigEmbeddedWebApplicationContext@4ba2ca36: startup date [Mon Aug 20 20:23:27 BRT 2018]; root of context hierarchy
2018-08-20 20:23:30.330  INFO 12061 --- [main] s.w.s.m.m.a.RequestMappingHandlerMapping : Mapped "{[/action/{name}/{action}],methods=[POST]}" onto public org.springframework.http.ResponseEntity<com.gods.plans.actions.domain.Actions> com.gods.plans.actions.controller.ActionController.peopleActionsSaver(java.lang.String,java.lang.String)
2018-08-20 20:23:30.334  INFO 12061 --- [main] s.w.s.m.m.a.RequestMappingHandlerMapping : Mapped "{[/error],produces=[text/html]}" onto public org.springframework.web.servlet.ModelAndView org.springframework.boot.autoconfigure.web.BasicErrorController.errorHtml(javax.servlet.http.HttpServletRequest,javax.servlet.http.HttpServletResponse)
2018-08-20 20:23:30.335  INFO 12061 --- [main] s.w.s.m.m.a.RequestMappingHandlerMapping : Mapped "{[/error]}" onto public org.springframework.http.ResponseEntity<java.util.Map<java.lang.String, java.lang.Object>> org.springframework.boot.autoconfigure.web.BasicErrorController.error(javax.servlet.http.HttpServletRequest)
2018-08-20 20:23:30.366  INFO 12061 --- [main] o.s.w.s.handler.SimpleUrlHandlerMapping  : Mapped URL path [/webjars/**] onto handler of type [class org.springframework.web.servlet.resource.ResourceHttpRequestHandler]
2018-08-20 20:23:30.367  INFO 12061 --- [main] o.s.w.s.handler.SimpleUrlHandlerMapping  : Mapped URL path [/**] onto handler of type [class org.springframework.web.servlet.resource.ResourceHttpRequestHandler]
2018-08-20 20:23:30.403  INFO 12061 --- [main] o.s.w.s.handler.SimpleUrlHandlerMapping  : Mapped URL path [/**/favicon.ico] onto handler of type [class org.springframework.web.servlet.resource.ResourceHttpRequestHandler]
2018-08-20 20:23:30.543  INFO 12061 --- [main] o.s.j.e.a.AnnotationMBeanExporter        : Registering beans for JMX exposure on startup
2018-08-20 20:23:30.599  INFO 12061 --- [main] s.b.c.e.t.TomcatEmbeddedServletContainer : Tomcat started on port(s): 8082 (http)
2018-08-20 20:23:30.604  INFO 12061 --- [main] c.g.p.a.a.ActionsApplication             : Started ActionsApplication in 3.318 seconds (JVM running for 3.852)
2018-08-20 20:23:32.703  INFO 12061 --- [Thread-3] ationConfigEmbeddedWebApplicationContext : Closing org.springframework.boot.context.embedded.AnnotationConfigEmbeddedWebApplicationContext@4ba2ca36: startup date [Mon Aug 20 20:23:27 BRT 2018]; root of context hierarchy
2018-08-20 20:23:32.704  INFO 12061 --- [Thread-3] o.s.j.e.a.AnnotationMBeanExporter        : Unregistering JMX-exposed beans on shutdown
